<?xml version="1.0" encoding="UTF-8"?>
<!-- Generated by org.testng.reporters.JUnitReportReporter -->
<testsuite skipped="0" hostname="Vivek-Olympus" name="MavenDemoSample.MavenDemo.DemoTest" tests="1" failures="0" timestamp="2021-08-28T14:30:57 IST" time="44.230" errors="0">
  <testcase name="openBrowser" time="44.230" classname="MavenDemoSample.MavenDemo.DemoTest"/>
  <system-out/>
</testsuite> <!-- MavenDemoSample.MavenDemo.DemoTest -->
